<?xml version="1.0" encoding="UTF-8"?>
<!-- Generated by org.testng.reporters.JUnitReportReporter -->
<testsuite hostname="DESKTOP-VJTENDK" failures="0" tests="1" name="hw5car.CarSecondTest" time="0.010" errors="0" timestamp="2023-02-28T13:01:43 EET" skipped="0">
  <testcase classname="hw5car.CarSecondTest" name="test1" time="0.010"/>
  <system-out/>
</testsuite> <!-- hw5car.CarSecondTest -->
