<?xml version="1.0" encoding="UTF-8"?>
<!-- Generated by org.testng.reporters.JUnitReportReporter -->
<testsuite hostname="DESKTOP-VJTENDK" failures="0" tests="3" name="hw5car.CarTest" time="0.012" errors="0" timestamp="2023-02-28T13:01:28 EET" skipped="0">
  <testcase classname="hw5car.CarTest" name="test3" time="0.001"/>
  <system-out/>
  <testcase classname="hw5car.CarTest" name="test1" time="0.010"/>
  <system-out/>
  <testcase classname="hw5car.CarTest" name="test2" time="0.001"/>
  <system-out/>
</testsuite> <!-- hw5car.CarTest -->
